#
# There is insufficient memory for the Java Runtime Environment to continue.
# Native memory allocation (mmap) failed to map 307232768 bytes for committing reserved memory.
# Possible reasons:
#   The system is out of physical RAM or swap space
#   In 32 bit mode, the process size limit was hit
# Possible solutions:
#   Reduce memory load on the system
#   Increase physical memory or swap space
#   Check if swap backing store is full
#   Use 64 bit Java on a 64 bit OS
#   Decrease Java heap size (-Xmx/-Xms)
#   Decrease number of Java threads
#   Decrease Java thread stack sizes (-Xss)
#   Set larger code cache with -XX:ReservedCodeCacheSize=
# This output file may be truncated or incomplete.
#
#  Out of Memory Error (os_linux.cpp:2643), pid=6107, tid=0x00007f290a8a6700
#
# JRE version: OpenJDK Runtime Environment (8.0_181-b13) (build 1.8.0_181-8u181-b13-1ubuntu0.18.04.1-b13)
# Java VM: OpenJDK 64-Bit Server VM (25.181-b13 mixed mode linux-amd64 compressed oops)
# Failed to write core dump. Core dumps have been disabled. To enable core dumping, try "ulimit -c unlimited" before starting Java again
#

---------------  T H R E A D  ---------------

Current thread (0x00007f2928081800):  VMThread [stack: 0x00007f290a7a7000,0x00007f290a8a7000] [id=6122]

Stack: [0x00007f290a7a7000,0x00007f290a8a7000],  sp=0x00007f290a8a5440,  free space=1017k
Native frames: (J=compiled Java code, j=interpreted, Vv=VM code, C=native code)
V  [libjvm.so+0xaaea62]
V  [libjvm.so+0x4d9897]
V  [libjvm.so+0x8e9c60]
V  [libjvm.so+0x8e41be]
V  [libjvm.so+0x964a16]
V  [libjvm.so+0x95368a]
V  [libjvm.so+0x953858]
V  [libjvm.so+0x954460]
V  [libjvm.so+0x95a7fc]
V  [libjvm.so+0x9628e5]
V  [libjvm.so+0x910f58]
V  [libjvm.so+0xab0722]
V  [libjvm.so+0xab52e6]
V  [libjvm.so+0xab3585]
V  [libjvm.so+0xab3efd]
V  [libjvm.so+0xab42d7]
V  [libjvm.so+0x8e70b2]

VM_Operation (0x00007f2930ad86f0): ParallelGCFailedAllocation, mode: safepoint, requested by thread 0x00007f292800b800


---------------  P R O C E S S  ---------------

Java Threads: ( => current thread )
  0x00007f29280d4000 JavaThread "Service Thread" daemon [_thread_blocked, id=6130, stack(0x00007f2909cc0000,0x00007f2909dc1000)]
  0x00007f29280c8800 JavaThread "C1 CompilerThread3" daemon [_thread_blocked, id=6129, stack(0x00007f2909dc2000,0x00007f2909ec2000)]
  0x00007f29280c6800 JavaThread "C2 CompilerThread2" daemon [_thread_blocked, id=6128, stack(0x00007f2909ec3000,0x00007f2909fc3000)]
  0x00007f29280c4800 JavaThread "C2 CompilerThread1" daemon [_thread_blocked, id=6127, stack(0x00007f2909fc4000,0x00007f290a0c4000)]
  0x00007f29280c2000 JavaThread "C2 CompilerThread0" daemon [_thread_blocked, id=6126, stack(0x00007f290a0c5000,0x00007f290a1c5000)]
  0x00007f29280c0800 JavaThread "Signal Dispatcher" daemon [_thread_blocked, id=6125, stack(0x00007f290a1c5000,0x00007f290a2c6000)]
  0x00007f292808d800 JavaThread "Finalizer" daemon [_thread_blocked, id=6124, stack(0x00007f290a5a4000,0x00007f290a6a5000)]
  0x00007f292808b000 JavaThread "Reference Handler" daemon [_thread_blocked, id=6123, stack(0x00007f290a6a5000,0x00007f290a7a6000)]
  0x00007f292800b800 JavaThread "main" [_thread_blocked, id=6112, stack(0x00007f29309da000,0x00007f2930ada000)]

Other Threads:
=>0x00007f2928081800 VMThread [stack: 0x00007f290a7a7000,0x00007f290a8a7000] [id=6122]
  0x00007f29280d6800 WatcherThread [stack: 0x00007f2909bc0000,0x00007f2909cc0000] [id=6131]

VM state:at safepoint (normal execution)

VM Mutex/Monitor currently owned by a thread:  ([mutex/lock_event])
[0x00007f2928007ad0] ExpandHeap_lock - owner thread: 0x00007f2928081800
[0x00007f2928008150] Threads_lock - owner thread: 0x00007f2928081800
[0x00007f2928008650] Heap_lock - owner thread: 0x00007f292800b800

Heap:
 PSYoungGen      total 382976K, used 90514K [0x00000000d6f00000, 0x00000000fd980000, 0x0000000100000000)
  eden space 158720K, 0% used [0x00000000d6f00000,0x00000000d6f00000,0x00000000e0a00000)
  from space 224256K, 40% used [0x00000000e0a00000,0x00000000e6264988,0x00000000ee500000)
  to   space 224256K, 0% used [0x00000000efe80000,0x00000000efe80000,0x00000000fd980000)
 ParOldGen       total 514048K, used 513609K [0x0000000084c00000, 0x00000000a4200000, 0x00000000d6f00000)
  object space 514048K, 99% used [0x0000000084c00000,0x00000000a41926d8,0x00000000a4200000)
 Metaspace       used 3353K, capacity 4564K, committed 4864K, reserved 1056768K
  class space    used 364K, capacity 388K, committed 512K, reserved 1048576K

Card table byte_map: [0x00007f292cba9000,0x00007f292cf84000] byte_map_base: 0x00007f292c783000

Marking Bits: (ParMarkBitMap*) 0x00007f292fc7c1c0
 Begin Bits: [0x00007f2910260000, 0x00007f2912130000)
 End Bits:   [0x00007f2912130000, 0x00007f2914000000)

Polling page: 0x00007f2930afd000

CodeCache: size=245760Kb used=1442Kb max_used=1453Kb free=244317Kb
 bounds [0x00007f2919000000, 0x00007f2919270000, 0x00007f2928000000]
 total_blobs=369 nmethods=130 adapters=154
 compilation: enabled

Compilation events (10 events):
Event: 0.315 Thread 0x00007f29280c2000  126       4       java.nio.HeapByteBuffer::compact (52 bytes)
Event: 0.320 Thread 0x00007f29280c2000 nmethod 126 0x00007f2919157e90 code [0x00007f2919158000, 0x00007f2919158218]
Event: 0.323 Thread 0x00007f29280c6800 nmethod 123 0x00007f2919157410 code [0x00007f2919157580, 0x00007f2919157b08]
Event: 0.327 Thread 0x00007f29280c4800 nmethod 125 0x00007f2919156810 code [0x00007f29191569c0, 0x00007f2919156e78]
Event: 0.358 Thread 0x00007f29280c8800  128 %     3       core.Rummikub::<init> @ 115 (316 bytes)
Event: 0.366 Thread 0x00007f29280c8800 nmethod 128% 0x00007f291915e290 code [0x00007f291915ea00, 0x00007f2919163288]
Event: 0.367 Thread 0x00007f29280c8800  129       3       core.Rummikub::<init> (316 bytes)
Event: 0.372 Thread 0x00007f29280c8800 nmethod 129 0x00007f2919166090 code [0x00007f2919166800, 0x00007f291916afa8]
Event: 0.393 Thread 0x00007f29280c2000  130 %     4       core.Rummikub::<init> @ 115 (316 bytes)
Event: 0.396 Thread 0x00007f29280c2000 nmethod 130% 0x00007f29191561d0 code [0x00007f2919156340, 0x00007f29191565e8]

GC Heap History (10 events):
Event: 29.185 GC heap after
Heap after GC invocations=14 (full 3):
 PSYoungGen      total 303104K, used 96832K [0x00000000d6f00000, 0x00000000f3f00000, 0x0000000100000000)
  eden space 158720K, 0% used [0x00000000d6f00000,0x00000000d6f00000,0x00000000e0a00000)
  from space 144384K, 67% used [0x00000000e0a00000,0x00000000e6890000,0x00000000e9700000)
  to   space 150016K, 0% used [0x00000000eac80000,0x00000000eac80000,0x00000000f3f00000)
 ParOldGen       total 514048K, used 300707K [0x0000000084c00000, 0x00000000a4200000, 0x00000000d6f00000)
  object space 514048K, 58% used [0x0000000084c00000,0x00000000971a8f00,0x00000000a4200000)
 Metaspace       used 3353K, capacity 4564K, committed 4864K, reserved 1056768K
  class space    used 364K, capacity 388K, committed 512K, reserved 1048576K
}
Event: 31.653 GC heap before
{Heap before GC invocations=15 (full 3):
 PSYoungGen      total 303104K, used 255552K [0x00000000d6f00000, 0x00000000f3f00000, 0x0000000100000000)
  eden space 158720K, 100% used [0x00000000d6f00000,0x00000000e0a00000,0x00000000e0a00000)
  from space 144384K, 67% used [0x00000000e0a00000,0x00000000e6890000,0x00000000e9700000)
  to   space 150016K, 0% used [0x00000000eac80000,0x00000000eac80000,0x00000000f3f00000)
 ParOldGen       total 514048K, used 300707K [0x0000000084c00000, 0x00000000a4200000, 0x00000000d6f00000)
  object space 514048K, 58% used [0x0000000084c00000,0x00000000971a8f00,0x00000000a4200000)
 Metaspace       used 3353K, capacity 4564K, committed 4864K, reserved 1056768K
  class space    used 364K, capacity 388K, committed 512K, reserved 1048576K
Event: 32.017 GC heap after
Heap after GC invocations=15 (full 3):
 PSYoungGen      total 301568K, used 149760K [0x00000000d6f00000, 0x00000000f6e00000, 0x0000000100000000)
  eden space 151552K, 0% used [0x00000000d6f00000,0x00000000d6f00000,0x00000000e0300000)
  from space 150016K, 99% used [0x00000000eac80000,0x00000000f3ec0000,0x00000000f3f00000)
  to   space 173568K, 0% used [0x00000000e0300000,0x00000000e0300000,0x00000000eac80000)
 ParOldGen       total 514048K, used 300707K [0x0000000084c00000, 0x00000000a4200000, 0x00000000d6f00000)
  object space 514048K, 58% used [0x0000000084c00000,0x00000000971a8f00,0x00000000a4200000)
 Metaspace       used 3353K, capacity 4564K, committed 4864K, reserved 1056768K
  class space    used 364K, capacity 388K, committed 512K, reserved 1048576K
}
Event: 33.763 GC heap before
{Heap before GC invocations=16 (full 3):
 PSYoungGen      total 301568K, used 301312K [0x00000000d6f00000, 0x00000000f6e00000, 0x0000000100000000)
  eden space 151552K, 100% used [0x00000000d6f00000,0x00000000e0300000,0x00000000e0300000)
  from space 150016K, 99% used [0x00000000eac80000,0x00000000f3ec0000,0x00000000f3f00000)
  to   space 173568K, 0% used [0x00000000e0300000,0x00000000e0300000,0x00000000eac80000)
 ParOldGen       total 514048K, used 300707K [0x0000000084c00000, 0x00000000a4200000, 0x00000000d6f00000)
  object space 514048K, 58% used [0x0000000084c00000,0x00000000971a8f00,0x00000000a4200000)
 Metaspace       used 3353K, capacity 4564K, committed 4864K, reserved 1056768K
  class space    used 364K, capacity 388K, committed 512K, reserved 1048576K
Event: 34.250 GC heap after
Heap after GC invocations=16 (full 3):
 PSYoungGen      total 325120K, used 173568K [0x00000000d6f00000, 0x00000000fb300000, 0x0000000100000000)
  eden space 151552K, 0% used [0x00000000d6f00000,0x00000000d6f00000,0x00000000e0300000)
  from space 173568K, 100% used [0x00000000e0300000,0x00000000eac80000,0x00000000eac80000)
  to   space 210944K, 0% used [0x00000000ee500000,0x00000000ee500000,0x00000000fb300000)
 ParOldGen       total 514048K, used 327443K [0x0000000084c00000, 0x00000000a4200000, 0x00000000d6f00000)
  object space 514048K, 63% used [0x0000000084c00000,0x0000000098bc4f00,0x00000000a4200000)
 Metaspace       used 3353K, capacity 4564K, committed 4864K, reserved 1056768K
  class space    used 364K, capacity 388K, committed 512K, reserved 1048576K
}
Event: 35.681 GC heap before
{Heap before GC invocations=17 (full 3):
 PSYoungGen      total 325120K, used 325120K [0x00000000d6f00000, 0x00000000fb300000, 0x0000000100000000)
  eden space 151552K, 100% used [0x00000000d6f00000,0x00000000e0300000,0x00000000e0300000)
  from space 173568K, 100% used [0x00000000e0300000,0x00000000eac80000,0x00000000eac80000)
  to   space 210944K, 0% used [0x00000000ee500000,0x00000000ee500000,0x00000000fb300000)
 ParOldGen       total 514048K, used 327443K [0x0000000084c00000, 0x00000000a4200000, 0x00000000d6f00000)
  object space 514048K, 63% used [0x0000000084c00000,0x0000000098bc4f00,0x00000000a4200000)
 Metaspace       used 3353K, capacity 4564K, committed 4864K, reserved 1056768K
  class space    used 364K, capacity 388K, committed 512K, reserved 1048576K
Event: 36.042 GC heap after
Heap after GC invocations=17 (full 3):
 PSYoungGen      total 369664K, used 180544K [0x00000000d6f00000, 0x00000000fcf00000, 0x0000000100000000)
  eden space 158720K, 0% used [0x00000000d6f00000,0x00000000d6f00000,0x00000000e0a00000)
  from space 210944K, 85% used [0x00000000ee500000,0x00000000f9550000,0x00000000fb300000)
  to   space 224256K, 0% used [0x00000000e0a00000,0x00000000e0a00000,0x00000000ee500000)
 ParOldGen       total 514048K, used 371307K [0x0000000084c00000, 0x00000000a4200000, 0x00000000d6f00000)
  object space 514048K, 72% used [0x0000000084c00000,0x000000009b69af00,0x00000000a4200000)
 Metaspace       used 3353K, capacity 4564K, committed 4864K, reserved 1056768K
  class space    used 364K, capacity 388K, committed 512K, reserved 1048576K
}
Event: 37.638 GC heap before
{Heap before GC invocations=18 (full 3):
 PSYoungGen      total 369664K, used 339264K [0x00000000d6f00000, 0x00000000fcf00000, 0x0000000100000000)
  eden space 158720K, 100% used [0x00000000d6f00000,0x00000000e0a00000,0x00000000e0a00000)
  from space 210944K, 85% used [0x00000000ee500000,0x00000000f9550000,0x00000000fb300000)
  to   space 224256K, 0% used [0x00000000e0a00000,0x00000000e0a00000,0x00000000ee500000)
 ParOldGen       total 514048K, used 371307K [0x0000000084c00000, 0x00000000a4200000, 0x00000000d6f00000)
  object space 514048K, 72% used [0x0000000084c00000,0x000000009b69af00,0x00000000a4200000)
 Metaspace       used 3353K, capacity 4564K, committed 4864K, reserved 1056768K
  class space    used 364K, capacity 388K, committed 512K, reserved 1048576K
Event: 38.134 GC heap after
Heap after GC invocations=18 (full 3):
 PSYoungGen      total 382976K, used 154240K [0x00000000d6f00000, 0x00000000fd980000, 0x0000000100000000)
  eden space 158720K, 0% used [0x00000000d6f00000,0x00000000d6f00000,0x00000000e0a00000)
  from space 224256K, 68% used [0x00000000e0a00000,0x00000000ea0a0000,0x00000000ee500000)
  to   space 224256K, 0% used [0x00000000efe80000,0x00000000efe80000,0x00000000fd980000)
 ParOldGen       total 514048K, used 450875K [0x0000000084c00000, 0x00000000a4200000, 0x00000000d6f00000)
  object space 514048K, 87% used [0x0000000084c00000,0x00000000a044ef00,0x00000000a4200000)
 Metaspace       used 3353K, capacity 4564K, committed 4864K, reserved 1056768K
  class space    used 364K, capacity 388K, committed 512K, reserved 1048576K
}
Event: 38.134 GC heap before
{Heap before GC invocations=19 (full 4):
 PSYoungGen      total 382976K, used 154240K [0x00000000d6f00000, 0x00000000fd980000, 0x0000000100000000)
  eden space 158720K, 0% used [0x00000000d6f00000,0x00000000d6f00000,0x00000000e0a00000)
  from space 224256K, 68% used [0x00000000e0a00000,0x00000000ea0a0000,0x00000000ee500000)
  to   space 224256K, 0% used [0x00000000efe80000,0x00000000efe80000,0x00000000fd980000)
 ParOldGen       total 514048K, used 450875K [0x0000000084c00000, 0x00000000a4200000, 0x00000000d6f00000)
  object space 514048K, 87% used [0x0000000084c00000,0x00000000a044ef00,0x00000000a4200000)
 Metaspace       used 3353K, capacity 4564K, committed 4864K, reserved 1056768K
  class space    used 364K, capacity 388K, committed 512K, reserved 1048576K

Deoptimization events (0 events):
No events

Classes redefined (0 events):
No events

Internal exceptions (10 events):
Event: 0.037 Thread 0x00007f292800b800 Exception <a 'java/lang/NoSuchMethodError': Method sun.misc.Unsafe.prefetchRead(Ljava/lang/Object;J)V name or signature does not match> (0x00000000d6f07f98) thrown at [/build/openjdk-8-Hh0vdF/openjdk-8-8u181-b13/src/hotspot/src/share/vm/prims/jni.cpp, lin
Event: 0.087 Thread 0x00007f292800b800 Exception <a 'java/util/zip/ZipException'> (0x00000000d6f5b288) thrown at [/build/openjdk-8-Hh0vdF/openjdk-8-8u181-b13/src/hotspot/src/share/vm/prims/jni.cpp, line 709]
Event: 0.087 Thread 0x00007f292800b800 Exception <a 'java/security/PrivilegedActionException'> (0x00000000d6f5b528) thrown at [/build/openjdk-8-Hh0vdF/openjdk-8-8u181-b13/src/hotspot/src/share/vm/prims/jvm.cpp, line 1435]
Event: 0.087 Thread 0x00007f292800b800 Exception <a 'java/security/PrivilegedActionException'> (0x00000000d6f5b738) thrown at [/build/openjdk-8-Hh0vdF/openjdk-8-8u181-b13/src/hotspot/src/share/vm/prims/jvm.cpp, line 1435]
Event: 0.141 Thread 0x00007f292800b800 Exception <a 'java/security/PrivilegedActionException'> (0x00000000d704cbd8) thrown at [/build/openjdk-8-Hh0vdF/openjdk-8-8u181-b13/src/hotspot/src/share/vm/prims/jvm.cpp, line 1435]
Event: 0.141 Thread 0x00007f292800b800 Exception <a 'java/security/PrivilegedActionException'> (0x00000000d704cfd0) thrown at [/build/openjdk-8-Hh0vdF/openjdk-8-8u181-b13/src/hotspot/src/share/vm/prims/jvm.cpp, line 1435]
Event: 0.142 Thread 0x00007f292800b800 Exception <a 'java/security/PrivilegedActionException'> (0x00000000d704f240) thrown at [/build/openjdk-8-Hh0vdF/openjdk-8-8u181-b13/src/hotspot/src/share/vm/prims/jvm.cpp, line 1435]
Event: 0.142 Thread 0x00007f292800b800 Exception <a 'java/security/PrivilegedActionException'> (0x00000000d704f638) thrown at [/build/openjdk-8-Hh0vdF/openjdk-8-8u181-b13/src/hotspot/src/share/vm/prims/jvm.cpp, line 1435]
Event: 0.142 Thread 0x00007f292800b800 Exception <a 'java/security/PrivilegedActionException'> (0x00000000d70502f8) thrown at [/build/openjdk-8-Hh0vdF/openjdk-8-8u181-b13/src/hotspot/src/share/vm/prims/jvm.cpp, line 1435]
Event: 0.142 Thread 0x00007f292800b800 Exception <a 'java/security/PrivilegedActionException'> (0x00000000d70506f0) thrown at [/build/openjdk-8-Hh0vdF/openjdk-8-8u181-b13/src/hotspot/src/share/vm/prims/jvm.cpp, line 1435]

Events (10 events):
Event: 27.262 Executing VM operation: ParallelGCFailedAllocation done
Event: 28.881 Executing VM operation: ParallelGCFailedAllocation
Event: 29.185 Executing VM operation: ParallelGCFailedAllocation done
Event: 31.653 Executing VM operation: ParallelGCFailedAllocation
Event: 32.017 Executing VM operation: ParallelGCFailedAllocation done
Event: 33.762 Executing VM operation: ParallelGCFailedAllocation
Event: 34.250 Executing VM operation: ParallelGCFailedAllocation done
Event: 35.681 Executing VM operation: ParallelGCFailedAllocation
Event: 36.042 Executing VM operation: ParallelGCFailedAllocation done
Event: 37.638 Executing VM operation: ParallelGCFailedAllocation


Dynamic libraries:
84c00000-a4200000 rw-p 00000000 00:00 0 
b6700000-d6f00000 ---p 00000000 00:00 0 
d6f00000-fd980000 rw-p 00000000 00:00 0 
fd980000-100000000 ---p 00000000 00:00 0 
100000000-100080000 rw-p 00000000 00:00 0 
100080000-140000000 ---p 00000000 00:00 0 
561483fc1000-561483fc2000 r-xp 00000000 08:02 11806274                   /usr/lib/jvm/java-8-openjdk-amd64/jre/bin/java
5614841c1000-5614841c2000 r--p 00000000 08:02 11806274                   /usr/lib/jvm/java-8-openjdk-amd64/jre/bin/java
5614841c2000-5614841c3000 rw-p 00001000 08:02 11806274                   /usr/lib/jvm/java-8-openjdk-amd64/jre/bin/java
5614844ea000-56148450b000 rw-p 00000000 00:00 0                          [heap]
7f28c4000000-7f28c4021000 rw-p 00000000 00:00 0 
7f28c4021000-7f28c8000000 ---p 00000000 00:00 0 
7f28c8000000-7f28c8021000 rw-p 00000000 00:00 0 
7f28c8021000-7f28cc000000 ---p 00000000 00:00 0 
7f28cc000000-7f28cc214000 rw-p 00000000 00:00 0 
7f28cc214000-7f28d0000000 ---p 00000000 00:00 0 
7f28d0000000-7f28d01cd000 rw-p 00000000 00:00 0 
7f28d01cd000-7f28d4000000 ---p 00000000 00:00 0 
7f28d4000000-7f28d41ec000 rw-p 00000000 00:00 0 
7f28d41ec000-7f28d8000000 ---p 00000000 00:00 0 
7f28d8000000-7f28d81cd000 rw-p 00000000 00:00 0 
7f28d81cd000-7f28dc000000 ---p 00000000 00:00 0 
7f28dc000000-7f28dc021000 rw-p 00000000 00:00 0 
7f28dc021000-7f28e0000000 ---p 00000000 00:00 0 
7f28e0000000-7f28e0021000 rw-p 00000000 00:00 0 
7f28e0021000-7f28e4000000 ---p 00000000 00:00 0 
7f28e4000000-7f28e4021000 rw-p 00000000 00:00 0 
7f28e4021000-7f28e8000000 ---p 00000000 00:00 0 
7f28e8000000-7f28e8021000 rw-p 00000000 00:00 0 
7f28e8021000-7f28ec000000 ---p 00000000 00:00 0 
7f28ec000000-7f28ec021000 rw-p 00000000 00:00 0 
7f28ec021000-7f28f0000000 ---p 00000000 00:00 0 
7f28f0000000-7f28f0021000 rw-p 00000000 00:00 0 
7f28f0021000-7f28f4000000 ---p 00000000 00:00 0 
7f28f4000000-7f28f4021000 rw-p 00000000 00:00 0 
7f28f4021000-7f28f8000000 ---p 00000000 00:00 0 
7f28fc000000-7f28fc021000 rw-p 00000000 00:00 0 
7f28fc021000-7f2900000000 ---p 00000000 00:00 0 
7f2900000000-7f2900021000 rw-p 00000000 00:00 0 
7f2900021000-7f2904000000 ---p 00000000 00:00 0 
7f2904000000-7f2904021000 rw-p 00000000 00:00 0 
7f2904021000-7f2908000000 ---p 00000000 00:00 0 
7f2909ba4000-7f2909bbf000 r--s 001d6000 08:02 11820321                   /usr/lib/jvm/java-8-openjdk-amd64/jre/lib/ext/nashorn.jar
7f2909bbf000-7f2909bc0000 ---p 00000000 00:00 0 
7f2909bc0000-7f2909cc0000 rw-p 00000000 00:00 0 
7f2909cc0000-7f2909cc3000 ---p 00000000 00:00 0 
7f2909cc3000-7f2909dc1000 rw-p 00000000 00:00 0 
7f2909dc1000-7f2909dc2000 ---p 00000000 00:00 0 
7f2909dc2000-7f2909dc5000 ---p 00000000 00:00 0 
7f2909dc5000-7f2909ec2000 rw-p 00000000 00:00 0 
7f2909ec2000-7f2909ec3000 ---p 00000000 00:00 0 
7f2909ec3000-7f2909ec6000 ---p 00000000 00:00 0 
7f2909ec6000-7f2909fc3000 rw-p 00000000 00:00 0 
7f2909fc3000-7f2909fc4000 ---p 00000000 00:00 0 
7f2909fc4000-7f2909fc7000 ---p 00000000 00:00 0 
7f2909fc7000-7f290a0c4000 rw-p 00000000 00:00 0 
7f290a0c4000-7f290a0c5000 ---p 00000000 00:00 0 
7f290a0c5000-7f290a0c8000 ---p 00000000 00:00 0 
7f290a0c8000-7f290a1c5000 rw-p 00000000 00:00 0 
7f290a1c5000-7f290a1c8000 ---p 00000000 00:00 0 
7f290a1c8000-7f290a2c6000 rw-p 00000000 00:00 0 
7f290a2c6000-7f290a5a4000 r--p 00000000 08:02 11797623                   /usr/lib/locale/locale-archive
7f290a5a4000-7f290a5a7000 ---p 00000000 00:00 0 
7f290a5a7000-7f290a6a5000 rw-p 00000000 00:00 0 
7f290a6a5000-7f290a6a8000 ---p 00000000 00:00 0 
7f290a6a8000-7f290a7a6000 rw-p 00000000 00:00 0 
7f290a7a6000-7f290a7a7000 ---p 00000000 00:00 0 
7f290a7a7000-7f290c000000 rw-p 00000000 00:00 0 
7f290c000000-7f290c021000 rw-p 00000000 00:00 0 
7f290c021000-7f2910000000 ---p 00000000 00:00 0 
7f2910001000-7f291001c000 r--s 00394000 08:02 11820311                   /usr/lib/jvm/java-8-openjdk-amd64/jre/lib/ext/cldrdata.jar
7f291001c000-7f2914000000 rw-p 00000000 00:00 0 
7f2914000000-7f2914021000 rw-p 00000000 00:00 0 
7f2914021000-7f2918000000 ---p 00000000 00:00 0 
7f2918000000-7f2918013000 r--s 00346000 08:02 11820361                   /usr/lib/jvm/java-8-openjdk-amd64/jre/lib/resources.jar
7f2918013000-7f2918257000 rw-p 00000000 00:00 0 
7f2918257000-7f2918426000 r--s 03c33000 08:02 11820363                   /usr/lib/jvm/java-8-openjdk-amd64/jre/lib/rt.jar
7f2918426000-7f2918866000 rw-p 00000000 00:00 0 
7f2918866000-7f2918c26000 ---p 00000000 00:00 0 
7f2918c26000-7f2919000000 rw-p 00000000 00:00 0 
7f2919000000-7f2919270000 rwxp 00000000 00:00 0 
7f2919270000-7f2928000000 ---p 00000000 00:00 0 
7f2928000000-7f29281b4000 rw-p 00000000 00:00 0 
7f29281b4000-7f292c000000 ---p 00000000 00:00 0 
7f292c004000-7f292c009000 r--s 002f9000 08:02 11819910                   /usr/lib/jvm/java-8-openjdk-amd64/jre/lib/charsets.jar
7f292c009000-7f292c10f000 rw-p 00000000 00:00 0 
7f292c10f000-7f292c110000 ---p 00000000 00:00 0 
7f292c110000-7f292c210000 rw-p 00000000 00:00 0 
7f292c210000-7f292c211000 ---p 00000000 00:00 0 
7f292c211000-7f292c311000 rw-p 00000000 00:00 0 
7f292c311000-7f292c312000 ---p 00000000 00:00 0 
7f292c312000-7f292c412000 rw-p 00000000 00:00 0 
7f292c412000-7f292c413000 ---p 00000000 00:00 0 
7f292c413000-7f292c513000 rw-p 00000000 00:00 0 
7f292c513000-7f292c514000 ---p 00000000 00:00 0 
7f292c514000-7f292c614000 rw-p 00000000 00:00 0 
7f292c614000-7f292c615000 ---p 00000000 00:00 0 
7f292c615000-7f292c715000 rw-p 00000000 00:00 0 
7f292c715000-7f292c716000 ---p 00000000 00:00 0 
7f292c716000-7f292c816000 rw-p 00000000 00:00 0 
7f292c816000-7f292c817000 ---p 00000000 00:00 0 
7f292c817000-7f292ca12000 rw-p 00000000 00:00 0 
7f292ca12000-7f292cba9000 ---p 00000000 00:00 0 
7f292cba9000-7f292cca4000 rw-p 00000000 00:00 0 
7f292cca4000-7f292ce3a000 ---p 00000000 00:00 0 
7f292ce3a000-7f292cf70000 rw-p 00000000 00:00 0 
7f292cf70000-7f292cf83000 ---p 00000000 00:00 0 
7f292cf83000-7f292cf8e000 rw-p 00000000 00:00 0 
7f292cf8e000-7f292d344000 ---p 00000000 00:00 0 
7f292d344000-7f292d34c000 r-xp 00000000 08:02 11819907                   /usr/lib/jvm/java-8-openjdk-amd64/jre/lib/amd64/libzip.so
7f292d34c000-7f292d54b000 ---p 00008000 08:02 11819907                   /usr/lib/jvm/java-8-openjdk-amd64/jre/lib/amd64/libzip.so
7f292d54b000-7f292d54c000 r--p 00007000 08:02 11819907                   /usr/lib/jvm/java-8-openjdk-amd64/jre/lib/amd64/libzip.so
7f292d54c000-7f292d54d000 rw-p 00008000 08:02 11819907                   /usr/lib/jvm/java-8-openjdk-amd64/jre/lib/amd64/libzip.so
7f292d54d000-7f292d558000 r-xp 00000000 08:02 12719194                   /lib/x86_64-linux-gnu/libnss_files-2.27.so
7f292d558000-7f292d757000 ---p 0000b000 08:02 12719194                   /lib/x86_64-linux-gnu/libnss_files-2.27.so
7f292d757000-7f292d758000 r--p 0000a000 08:02 12719194                   /lib/x86_64-linux-gnu/libnss_files-2.27.so
7f292d758000-7f292d759000 rw-p 0000b000 08:02 12719194                   /lib/x86_64-linux-gnu/libnss_files-2.27.so
7f292d759000-7f292d75f000 rw-p 00000000 00:00 0 
7f292d75f000-7f292d776000 r-xp 00000000 08:02 12719191                   /lib/x86_64-linux-gnu/libnsl-2.27.so
7f292d776000-7f292d975000 ---p 00017000 08:02 12719191                   /lib/x86_64-linux-gnu/libnsl-2.27.so
7f292d975000-7f292d976000 r--p 00016000 08:02 12719191                   /lib/x86_64-linux-gnu/libnsl-2.27.so
7f292d976000-7f292d977000 rw-p 00017000 08:02 12719191                   /lib/x86_64-linux-gnu/libnsl-2.27.so
7f292d977000-7f292d979000 rw-p 00000000 00:00 0 
7f292d979000-7f292d984000 r-xp 00000000 08:02 12719196                   /lib/x86_64-linux-gnu/libnss_nis-2.27.so
7f292d984000-7f292db83000 ---p 0000b000 08:02 12719196                   /lib/x86_64-linux-gnu/libnss_nis-2.27.so
7f292db83000-7f292db84000 r--p 0000a000 08:02 12719196                   /lib/x86_64-linux-gnu/libnss_nis-2.27.so
7f292db84000-7f292db85000 rw-p 0000b000 08:02 12719196                   /lib/x86_64-linux-gnu/libnss_nis-2.27.so
7f292db85000-7f292db8d000 r-xp 00000000 08:02 12719192                   /lib/x86_64-linux-gnu/libnss_compat-2.27.so
7f292db8d000-7f292dd8d000 ---p 00008000 08:02 12719192                   /lib/x86_64-linux-gnu/libnss_compat-2.27.so
7f292dd8d000-7f292dd8e000 r--p 00008000 08:02 12719192                   /lib/x86_64-linux-gnu/libnss_compat-2.27.so
7f292dd8e000-7f292dd8f000 rw-p 00009000 08:02 12719192                   /lib/x86_64-linux-gnu/libnss_compat-2.27.so
7f292dd8f000-7f292ddbd000 r-xp 00000000 08:02 11807301                   /usr/lib/jvm/java-8-openjdk-amd64/jre/lib/amd64/libjava.so
7f292ddbd000-7f292dfbc000 ---p 0002e000 08:02 11807301                   /usr/lib/jvm/java-8-openjdk-amd64/jre/lib/amd64/libjava.so
7f292dfbc000-7f292dfbd000 r--p 0002d000 08:02 11807301                   /usr/lib/jvm/java-8-openjdk-amd64/jre/lib/amd64/libjava.so
7f292dfbd000-7f292dfbf000 rw-p 0002e000 08:02 11807301                   /usr/lib/jvm/java-8-openjdk-amd64/jre/lib/amd64/libjava.so
7f292dfbf000-7f292dfcf000 r-xp 00000000 08:02 11819906                   /usr/lib/jvm/java-8-openjdk-amd64/jre/lib/amd64/libverify.so
7f292dfcf000-7f292e1ce000 ---p 00010000 08:02 11819906                   /usr/lib/jvm/java-8-openjdk-amd64/jre/lib/amd64/libverify.so
7f292e1ce000-7f292e1d0000 r--p 0000f000 08:02 11819906                   /usr/lib/jvm/java-8-openjdk-amd64/jre/lib/amd64/libverify.so
7f292e1d0000-7f292e1d1000 rw-p 00011000 08:02 11819906                   /usr/lib/jvm/java-8-openjdk-amd64/jre/lib/amd64/libverify.so
7f292e1d1000-7f292e1d8000 r-xp 00000000 08:02 12719201                   /lib/x86_64-linux-gnu/librt-2.27.so
7f292e1d8000-7f292e3d7000 ---p 00007000 08:02 12719201                   /lib/x86_64-linux-gnu/librt-2.27.so
7f292e3d7000-7f292e3d8000 r--p 00006000 08:02 12719201                   /lib/x86_64-linux-gnu/librt-2.27.so
7f292e3d8000-7f292e3d9000 rw-p 00007000 08:02 12719201                   /lib/x86_64-linux-gnu/librt-2.27.so
7f292e3d9000-7f292e3f0000 r-xp 00000000 08:02 12718526                   /lib/x86_64-linux-gnu/libgcc_s.so.1
7f292e3f0000-7f292e5ef000 ---p 00017000 08:02 12718526                   /lib/x86_64-linux-gnu/libgcc_s.so.1
7f292e5ef000-7f292e5f0000 r--p 00016000 08:02 12718526                   /lib/x86_64-linux-gnu/libgcc_s.so.1
7f292e5f0000-7f292e5f1000 rw-p 00017000 08:02 12718526                   /lib/x86_64-linux-gnu/libgcc_s.so.1
7f292e5f1000-7f292e78e000 r-xp 00000000 08:02 12719188                   /lib/x86_64-linux-gnu/libm-2.27.so
7f292e78e000-7f292e98d000 ---p 0019d000 08:02 12719188                   /lib/x86_64-linux-gnu/libm-2.27.so
7f292e98d000-7f292e98e000 r--p 0019c000 08:02 12719188                   /lib/x86_64-linux-gnu/libm-2.27.so
7f292e98e000-7f292e98f000 rw-p 0019d000 08:02 12719188                   /lib/x86_64-linux-gnu/libm-2.27.so
7f292e98f000-7f292eb08000 r-xp 00000000 08:02 11796818                   /usr/lib/x86_64-linux-gnu/libstdc++.so.6.0.25
7f292eb08000-7f292ed08000 ---p 00179000 08:02 11796818                   /usr/lib/x86_64-linux-gnu/libstdc++.so.6.0.25
7f292ed08000-7f292ed12000 r--p 00179000 08:02 11796818                   /usr/lib/x86_64-linux-gnu/libstdc++.so.6.0.25
7f292ed12000-7f292ed14000 rw-p 00183000 08:02 11796818                   /usr/lib/x86_64-linux-gnu/libstdc++.so.6.0.25
7f292ed14000-7f292ed18000 rw-p 00000000 00:00 0 
7f292ed18000-7f292f9ad000 r-xp 00000000 08:02 11819909                   /usr/lib/jvm/java-8-openjdk-amd64/jre/lib/amd64/server/libjvm.so
7f292f9ad000-7f292fbac000 ---p 00c95000 08:02 11819909                   /usr/lib/jvm/java-8-openjdk-amd64/jre/lib/amd64/server/libjvm.so
7f292fbac000-7f292fc40000 r--p 00c94000 08:02 11819909                   /usr/lib/jvm/java-8-openjdk-amd64/jre/lib/amd64/server/libjvm.so
7f292fc40000-7f292fc68000 rw-p 00d28000 08:02 11819909                   /usr/lib/jvm/java-8-openjdk-amd64/jre/lib/amd64/server/libjvm.so
7f292fc68000-7f292fc99000 rw-p 00000000 00:00 0 
7f292fc99000-7f292fcb3000 r-xp 00000000 08:02 12719199                   /lib/x86_64-linux-gnu/libpthread-2.27.so
7f292fcb3000-7f292feb2000 ---p 0001a000 08:02 12719199                   /lib/x86_64-linux-gnu/libpthread-2.27.so
7f292feb2000-7f292feb3000 r--p 00019000 08:02 12719199                   /lib/x86_64-linux-gnu/libpthread-2.27.so
7f292feb3000-7f292feb4000 rw-p 0001a000 08:02 12719199                   /lib/x86_64-linux-gnu/libpthread-2.27.so
7f292feb4000-7f292feb8000 rw-p 00000000 00:00 0 
7f292feb8000-7f292febb000 r-xp 00000000 08:02 12719187                   /lib/x86_64-linux-gnu/libdl-2.27.so
7f292febb000-7f29300ba000 ---p 00003000 08:02 12719187                   /lib/x86_64-linux-gnu/libdl-2.27.so
7f29300ba000-7f29300bb000 r--p 00002000 08:02 12719187                   /lib/x86_64-linux-gnu/libdl-2.27.so
7f29300bb000-7f29300bc000 rw-p 00003000 08:02 12719187                   /lib/x86_64-linux-gnu/libdl-2.27.so
7f29300bc000-7f29300d8000 r-xp 00000000 08:02 12718714                   /lib/x86_64-linux-gnu/libz.so.1.2.11
7f29300d8000-7f29302d7000 ---p 0001c000 08:02 12718714                   /lib/x86_64-linux-gnu/libz.so.1.2.11
7f29302d7000-7f29302d8000 r--p 0001b000 08:02 12718714                   /lib/x86_64-linux-gnu/libz.so.1.2.11
7f29302d8000-7f29302d9000 rw-p 0001c000 08:02 12718714                   /lib/x86_64-linux-gnu/libz.so.1.2.11
7f29302d9000-7f29304c0000 r-xp 00000000 08:02 12719184                   /lib/x86_64-linux-gnu/libc-2.27.so
7f29304c0000-7f29306c0000 ---p 001e7000 08:02 12719184                   /lib/x86_64-linux-gnu/libc-2.27.so
7f29306c0000-7f29306c4000 r--p 001e7000 08:02 12719184                   /lib/x86_64-linux-gnu/libc-2.27.so
7f29306c4000-7f29306c6000 rw-p 001eb000 08:02 12719184                   /lib/x86_64-linux-gnu/libc-2.27.so
7f29306c6000-7f29306ca000 rw-p 00000000 00:00 0 
7f29306ca000-7f29306d8000 r-xp 00000000 08:02 11807266                   /usr/lib/jvm/java-8-openjdk-amd64/jre/lib/amd64/jli/libjli.so
7f29306d8000-7f29308d7000 ---p 0000e000 08:02 11807266                   /usr/lib/jvm/java-8-openjdk-amd64/jre/lib/amd64/jli/libjli.so
7f29308d7000-7f29308d8000 r--p 0000d000 08:02 11807266                   /usr/lib/jvm/java-8-openjdk-amd64/jre/lib/amd64/jli/libjli.so
7f29308d8000-7f29308d9000 rw-p 0000e000 08:02 11807266                   /usr/lib/jvm/java-8-openjdk-amd64/jre/lib/amd64/jli/libjli.so
7f29308d9000-7f2930900000 r-xp 00000000 08:02 12718535                   /lib/x86_64-linux-gnu/ld-2.27.so
7f2930901000-7f2930903000 r--s 00016000 08:02 11820349                   /usr/lib/jvm/java-8-openjdk-amd64/jre/lib/jce.jar
7f2930903000-7f2930908000 r--s 0009d000 08:02 11820353                   /usr/lib/jvm/java-8-openjdk-amd64/jre/lib/jsse.jar
7f2930908000-7f293090b000 r--s 00038000 08:02 11820327                   /usr/lib/jvm/java-8-openjdk-amd64/jre/lib/ext/sunpkcs11.jar
7f293090b000-7f293090e000 r--s 0000f000 08:02 11820315                   /usr/lib/jvm/java-8-openjdk-amd64/jre/lib/ext/icedtea-sound.jar
7f293090e000-7f29309d9000 rw-p 00000000 00:00 0 
7f29309d9000-7f29309da000 ---p 00000000 00:00 0 
7f29309da000-7f29309dd000 ---p 00000000 00:00 0 
7f29309dd000-7f2930adc000 rw-p 00000000 00:00 0 
7f2930adc000-7f2930ade000 r--s 00001000 08:02 11820313                   /usr/lib/jvm/java-8-openjdk-amd64/jre/lib/ext/dnsns.jar
7f2930ade000-7f2930ae0000 r--s 00008000 08:02 11820323                   /usr/lib/jvm/java-8-openjdk-amd64/jre/lib/ext/sunec.jar
7f2930ae0000-7f2930ae2000 r--s 00007000 08:02 12201438                   /usr/share/java/java-atk-wrapper.jar
7f2930ae2000-7f2930ae3000 r--s 00010000 08:02 11820329                   /usr/lib/jvm/java-8-openjdk-amd64/jre/lib/ext/zipfs.jar
7f2930ae3000-7f2930aed000 r--s 00116000 08:02 11820319                   /usr/lib/jvm/java-8-openjdk-amd64/jre/lib/ext/localedata.jar
7f2930aed000-7f2930af3000 r--s 0003b000 08:02 11820325                   /usr/lib/jvm/java-8-openjdk-amd64/jre/lib/ext/sunjce_provider.jar
7f2930af3000-7f2930af4000 r--s 0000a000 08:02 11820317                   /usr/lib/jvm/java-8-openjdk-amd64/jre/lib/ext/jaccess.jar
7f2930af4000-7f2930afc000 rw-s 00000000 08:02 5767404                    /tmp/hsperfdata_henry/6107
7f2930afc000-7f2930afd000 rw-p 00000000 00:00 0 
7f2930afd000-7f2930afe000 ---p 00000000 00:00 0 
7f2930afe000-7f2930b00000 rw-p 00000000 00:00 0 
7f2930b00000-7f2930b01000 r--p 00027000 08:02 12718535                   /lib/x86_64-linux-gnu/ld-2.27.so
7f2930b01000-7f2930b02000 rw-p 00028000 08:02 12718535                   /lib/x86_64-linux-gnu/ld-2.27.so
7f2930b02000-7f2930b03000 rw-p 00000000 00:00 0 
7fffc7cf3000-7fffc7d14000 rw-p 00000000 00:00 0                          [stack]
7fffc7d9e000-7fffc7da1000 r--p 00000000 00:00 0                          [vvar]
7fffc7da1000-7fffc7da3000 r-xp 00000000 00:00 0                          [vdso]
ffffffffff600000-ffffffffff601000 r-xp 00000000 00:00 0                  [vsyscall]

VM Arguments:
jvm_args: -Dfile.encoding=UTF-8 
java_command: core.Rummikub baseCase.txt
java_class_path (initial): /usr/lib/jvm/java-8-openjdk-amd64/jre/lib/resources.jar:/usr/lib/jvm/java-8-openjdk-amd64/jre/lib/rt.jar:/usr/lib/jvm/java-8-openjdk-amd64/jre/lib/jsse.jar:/usr/lib/jvm/java-8-openjdk-amd64/jre/lib/jce.jar:/usr/lib/jvm/java-8-openjdk-amd64/jre/lib/charsets.jar:/usr/lib/jvm/java-8-openjdk-amd64/jre/lib/ext/jaccess.jar:/usr/lib/jvm/java-8-openjdk-amd64/jre/lib/ext/sunjce_provider.jar:/usr/lib/jvm/java-8-openjdk-amd64/jre/lib/ext/localedata.jar:/usr/lib/jvm/java-8-openjdk-amd64/jre/lib/ext/cldrdata.jar:/usr/lib/jvm/java-8-openjdk-amd64/jre/lib/ext/zipfs.jar:/usr/lib/jvm/java-8-openjdk-amd64/jre/lib/ext/java-atk-wrapper.jar:/usr/lib/jvm/java-8-openjdk-amd64/jre/lib/ext/sunec.jar:/usr/lib/jvm/java-8-openjdk-amd64/jre/lib/ext/dnsns.jar:/usr/lib/jvm/java-8-openjdk-amd64/jre/lib/ext/nashorn.jar:/usr/lib/jvm/java-8-openjdk-amd64/jre/lib/ext/icedtea-sound.jar:/usr/lib/jvm/java-8-openjdk-amd64/jre/lib/ext/sunpkcs11.jar:/home/henry/eclipse-workspace/comp3004-rummikub/target/classes:/home/henry/.p2/pool/plugins/org.junit_4.12.0.v201504281640/junit.jar
Launcher Type: SUN_STANDARD

Environment Variables:
PATH=/usr/local/sbin:/usr/local/bin:/usr/sbin:/usr/bin:/sbin:/bin:/usr/games:/usr/local/games:/snap/bin
USERNAME=henry
SHELL=/bin/bash
DISPLAY=:0

Signal Handlers:
SIGSEGV: [libjvm.so+0xaaf3b0], sa_mask[0]=11111111011111111101111111111110, sa_flags=SA_RESTART|SA_SIGINFO
SIGBUS: [libjvm.so+0xaaf3b0], sa_mask[0]=11111111011111111101111111111110, sa_flags=SA_RESTART|SA_SIGINFO
SIGFPE: [libjvm.so+0x8e52f0], sa_mask[0]=11111111011111111101111111111110, sa_flags=SA_RESTART|SA_SIGINFO
SIGPIPE: [libjvm.so+0x8e52f0], sa_mask[0]=11111111011111111101111111111110, sa_flags=SA_RESTART|SA_SIGINFO
SIGXFSZ: [libjvm.so+0x8e52f0], sa_mask[0]=11111111011111111101111111111110, sa_flags=SA_RESTART|SA_SIGINFO
SIGILL: [libjvm.so+0x8e52f0], sa_mask[0]=11111111011111111101111111111110, sa_flags=SA_RESTART|SA_SIGINFO
SIGUSR1: SIG_DFL, sa_mask[0]=00000000000000000000000000000000, sa_flags=none
SIGUSR2: [libjvm.so+0x8e51a0], sa_mask[0]=00100000000000000000000000000000, sa_flags=SA_RESTART|SA_SIGINFO
SIGHUP: [libjvm.so+0x8e5650], sa_mask[0]=11111111011111111101111111111110, sa_flags=SA_RESTART|SA_SIGINFO
SIGINT: [libjvm.so+0x8e5650], sa_mask[0]=11111111011111111101111111111110, sa_flags=SA_RESTART|SA_SIGINFO
SIGTERM: [libjvm.so+0x8e5650], sa_mask[0]=11111111011111111101111111111110, sa_flags=SA_RESTART|SA_SIGINFO
SIGQUIT: [libjvm.so+0x8e5650], sa_mask[0]=11111111011111111101111111111110, sa_flags=SA_RESTART|SA_SIGINFO


---------------  S Y S T E M  ---------------

OS:DISTRIB_ID=Ubuntu
DISTRIB_RELEASE=18.04
DISTRIB_CODENAME=bionic
DISTRIB_DESCRIPTION="Ubuntu 18.04.1 LTS"

uname:Linux 4.14.4-041404-generic #201712050630 SMP Tue Dec 5 11:34:06 UTC 2017 x86_64
libc:glibc 2.27 NPTL 2.27 
rlimit: STACK 8192k, CORE 0k, NPROC 31028, NOFILE 1048576, AS infinity
load average:10.64 4.42 2.28

/proc/meminfo:
MemTotal:        8073636 kB
MemFree:          118668 kB
MemAvailable:      74884 kB
Buffers:            4420 kB
Cached:           600084 kB
SwapCached:         8080 kB
Active:          6761344 kB
Inactive:         879308 kB
Active(anon):    6691036 kB
Inactive(anon):   820784 kB
Active(file):      70308 kB
Inactive(file):    58524 kB
Unevictable:          48 kB
Mlocked:              48 kB
SwapTotal:       2097148 kB
SwapFree:          75036 kB
Dirty:               428 kB
Writeback:             0 kB
AnonPages:       7029132 kB
Mapped:           448400 kB
Shmem:            475432 kB
Slab:             122108 kB
SReclaimable:      55236 kB
SUnreclaim:        66872 kB
KernelStack:       21440 kB
PageTables:        85140 kB
NFS_Unstable:          0 kB
Bounce:                0 kB
WritebackTmp:          0 kB
CommitLimit:     6133964 kB
Committed_AS:   19307996 kB
VmallocTotal:   34359738367 kB
VmallocUsed:           0 kB
VmallocChunk:          0 kB
HardwareCorrupted:     0 kB
AnonHugePages:         0 kB
ShmemHugePages:        0 kB
ShmemPmdMapped:        0 kB
CmaTotal:              0 kB
CmaFree:               0 kB
HugePages_Total:       0
HugePages_Free:        0
HugePages_Rsvd:        0
HugePages_Surp:        0
Hugepagesize:       2048 kB
DirectMap4k:      263816 kB
DirectMap2M:     8028160 kB
DirectMap1G:           0 kB


CPU:total 8 (initial active 8) (4 cores per cpu, 2 threads per core) family 6 model 60 stepping 3, cmov, cx8, fxsr, mmx, sse, sse2, sse3, ssse3, sse4.1, sse4.2, popcnt, avx, avx2, aes, clmul, erms, lzcnt, ht, tsc, tscinvbit, bmi1, bmi2

/proc/cpuinfo:
processor	: 0
vendor_id	: GenuineIntel
cpu family	: 6
model		: 60
model name	: Intel(R) Core(TM) i7-4800MQ CPU @ 2.70GHz
stepping	: 3
microcode	: 0x24
cpu MHz		: 2693.674
cache size	: 6144 KB
physical id	: 0
siblings	: 8
core id		: 0
cpu cores	: 4
apicid		: 0
initial apicid	: 0
fpu		: yes
fpu_exception	: yes
cpuid level	: 13
wp		: yes
flags		: fpu vme de pse tsc msr pae mce cx8 apic sep mtrr pge mca cmov pat pse36 clflush dts acpi mmx fxsr sse sse2 ss ht tm pbe syscall nx pdpe1gb rdtscp lm constant_tsc arch_perfmon pebs bts rep_good nopl xtopology nonstop_tsc cpuid aperfmperf pni pclmulqdq dtes64 monitor ds_cpl vmx smx est tm2 ssse3 sdbg fma cx16 xtpr pdcm pcid sse4_1 sse4_2 x2apic movbe popcnt tsc_deadline_timer aes xsave avx f16c rdrand lahf_lm abm cpuid_fault epb tpr_shadow vnmi flexpriority ept vpid fsgsbase tsc_adjust bmi1 avx2 smep bmi2 erms invpcid xsaveopt dtherm ida arat pln pts
bugs		:
bogomips	: 5387.34
clflush size	: 64
cache_alignment	: 64
address sizes	: 39 bits physical, 48 bits virtual
power management:

processor	: 1
vendor_id	: GenuineIntel
cpu family	: 6
model		: 60
model name	: Intel(R) Core(TM) i7-4800MQ CPU @ 2.70GHz
stepping	: 3
microcode	: 0x24
cpu MHz		: 2693.674
cache size	: 6144 KB
physical id	: 0
siblings	: 8
core id		: 1
cpu cores	: 4
apicid		: 2
initial apicid	: 2
fpu		: yes
fpu_exception	: yes
cpuid level	: 13
wp		: yes
flags		: fpu vme de pse tsc msr pae mce cx8 apic sep mtrr pge mca cmov pat pse36 clflush dts acpi mmx fxsr sse sse2 ss ht tm pbe syscall nx pdpe1gb rdtscp lm constant_tsc arch_perfmon pebs bts rep_good nopl xtopology nonstop_tsc cpuid aperfmperf pni pclmulqdq dtes64 monitor ds_cpl vmx smx est tm2 ssse3 sdbg fma cx16 xtpr pdcm pcid sse4_1 sse4_2 x2apic movbe popcnt tsc_deadline_timer aes xsave avx f16c rdrand lahf_lm abm cpuid_fault epb tpr_shadow vnmi flexpriority ept vpid fsgsbase tsc_adjust bmi1 avx2 smep bmi2 erms invpcid xsaveopt dtherm ida arat pln pts
bugs		:
bogomips	: 5387.34
clflush size	: 64
cache_alignment	: 64
address sizes	: 39 bits physical, 48 bits virtual
power management:

processor	: 2
vendor_id	: GenuineIntel
cpu family	: 6
model		: 60
model name	: Intel(R) Core(TM) i7-4800MQ CPU @ 2.70GHz
stepping	: 3
microcode	: 0x24
cpu MHz		: 2693.674
cache size	: 6144 KB
physical id	: 0
siblings	: 8
core id		: 2
cpu cores	: 4
apicid		: 4
initial apicid	: 4
fpu		: yes
fpu_exception	: yes
cpuid level	: 13
wp		: yes
flags		: fpu vme de pse tsc msr pae mce cx8 apic sep mtrr pge mca cmov pat pse36 clflush dts acpi mmx fxsr sse sse2 ss ht tm pbe syscall nx pdpe1gb rdtscp lm constant_tsc arch_perfmon pebs bts rep_good nopl xtopology nonstop_tsc cpuid aperfmperf pni pclmulqdq dtes64 monitor ds_cpl vmx smx est tm2 ssse3 sdbg fma cx16 xtpr pdcm pcid sse4_1 sse4_2 x2apic movbe popcnt tsc_deadline_timer aes xsave avx f16c rdrand lahf_lm abm cpuid_fault epb tpr_shadow vnmi flexpriority ept vpid fsgsbase tsc_adjust bmi1 avx2 smep bmi2 erms invpcid xsaveopt dtherm ida arat pln pts
bugs		:
bogomips	: 5387.34
clflush size	: 64
cache_alignment	: 64
address sizes	: 39 bits physical, 48 bits virtual
power management:

processor	: 3
vendor_id	: GenuineIntel
cpu family	: 6
model		: 60
model name	: Intel(R) Core(TM) i7-4800MQ CPU @ 2.70GHz
stepping	: 3
microcode	: 0x24
cpu MHz		: 2693.674
cache size	: 6144 KB
physical id	: 0
siblings	: 8
core id		: 3
cpu cores	: 4
apicid		: 6
initial apicid	: 6
fpu		: yes
fpu_exception	: yes
cpuid level	: 13
wp		: yes
flags		: fpu vme de pse tsc msr pae mce cx8 apic sep mtrr pge mca cmov pat pse36 clflush dts acpi mmx fxsr sse sse2 ss ht tm pbe syscall nx pdpe1gb rdtscp lm constant_tsc arch_perfmon pebs bts rep_good nopl xtopology nonstop_tsc cpuid aperfmperf pni pclmulqdq dtes64 monitor ds_cpl vmx smx est tm2 ssse3 sdbg fma cx16 xtpr pdcm pcid sse4_1 sse4_2 x2apic movbe popcnt tsc_deadline_timer aes xsave avx f16c rdrand lahf_lm abm cpuid_fault epb tpr_shadow vnmi flexpriority ept vpid fsgsbase tsc_adjust bmi1 avx2 smep bmi2 erms invpcid xsaveopt dtherm ida arat pln pts
bugs		:
bogomips	: 5387.34
clflush size	: 64
cache_alignment	: 64
address sizes	: 39 bits physical, 48 bits virtual
power management:

processor	: 4
vendor_id	: GenuineIntel
cpu family	: 6
model		: 60
model name	: Intel(R) Core(TM) i7-4800MQ CPU @ 2.70GHz
stepping	: 3
microcode	: 0x24
cpu MHz		: 2693.674
cache size	: 6144 KB
physical id	: 0
siblings	: 8
core id		: 0
cpu cores	: 4
apicid		: 1
initial apicid	: 1
fpu		: yes
fpu_exception	: yes
cpuid level	: 13
wp		: yes
flags		: fpu vme de pse tsc msr pae mce cx8 apic sep mtrr pge mca cmov pat pse36 clflush dts acpi mmx fxsr sse sse2 ss ht tm pbe syscall nx pdpe1gb rdtscp lm constant_tsc arch_perfmon pebs bts rep_good nopl xtopology nonstop_tsc cpuid aperfmperf pni pclmulqdq dtes64 monitor ds_cpl vmx smx est tm2 ssse3 sdbg fma cx16 xtpr pdcm pcid sse4_1 sse4_2 x2apic movbe popcnt tsc_deadline_timer aes xsave avx f16c rdrand lahf_lm abm cpuid_fault epb tpr_shadow vnmi flexpriority ept vpid fsgsbase tsc_adjust bmi1 avx2 smep bmi2 erms invpcid xsaveopt dtherm ida arat pln pts
bugs		:
bogomips	: 5387.34
clflush size	: 64
cache_alignment	: 64
address sizes	: 39 bits physical, 48 bits virtual
power management:

processor	: 5
vendor_id	: GenuineIntel
cpu family	: 6
model		: 60
model name	: Intel(R) Core(TM) i7-4800MQ CPU @ 2.70GHz
stepping	: 3
microcode	: 0x24
cpu MHz		: 2693.674
cache size	: 6144 KB
physical id	: 0
siblings	: 8
core id		: 1
cpu cores	: 4
apicid		: 3
initial apicid	: 3
fpu		: yes
fpu_exception	: yes
cpuid level	: 13
wp		: yes
flags		: fpu vme de pse tsc msr pae mce cx8 apic sep mtrr pge mca cmov pat pse36 clflush dts acpi mmx fxsr sse sse2 ss ht tm pbe syscall nx pdpe1gb rdtscp lm constant_tsc arch_perfmon pebs bts rep_good nopl xtopology nonstop_tsc cpuid aperfmperf pni pclmulqdq dtes64 monitor ds_cpl vmx smx est tm2 ssse3 sdbg fma cx16 xtpr pdcm pcid sse4_1 sse4_2 x2apic movbe popcnt tsc_deadline_timer aes xsave avx f16c rdrand lahf_lm abm cpuid_fault epb tpr_shadow vnmi flexpriority ept vpid fsgsbase tsc_adjust bmi1 avx2 smep bmi2 erms invpcid xsaveopt dtherm ida arat pln pts
bugs		:
bogomips	: 5387.34
clflush size	: 64
cache_alignment	: 64
address sizes	: 39 bits physical, 48 bits virtual
power management:

processor	: 6
vendor_id	: GenuineIntel
cpu family	: 6
model		: 60
model name	: Intel(R) Core(TM) i7-4800MQ CPU @ 2.70GHz
stepping	: 3
microcode	: 0x24
cpu MHz		: 2693.674
cache size	: 6144 KB
physical id	: 0
siblings	: 8
core id		: 2
cpu cores	: 4
apicid		: 5
initial apicid	: 5
fpu		: yes
fpu_exception	: yes
cpuid level	: 13
wp		: yes
flags		: fpu vme de pse tsc msr pae mce cx8 apic sep mtrr pge mca cmov pat pse36 clflush dts acpi mmx fxsr sse sse2 ss ht tm pbe syscall nx pdpe1gb rdtscp lm constant_tsc arch_perfmon pebs bts rep_good nopl xtopology nonstop_tsc cpuid aperfmperf pni pclmulqdq dtes64 monitor ds_cpl vmx smx est tm2 ssse3 sdbg fma cx16 xtpr pdcm pcid sse4_1 sse4_2 x2apic movbe popcnt tsc_deadline_timer aes xsave avx f16c rdrand lahf_lm abm cpuid_fault epb tpr_shadow vnmi flexpriority ept vpid fsgsbase tsc_adjust bmi1 avx2 smep bmi2 erms invpcid xsaveopt dtherm ida arat pln pts
bugs		:
bogomips	: 5387.34
clflush size	: 64
cache_alignment	: 64
address sizes	: 39 bits physical, 48 bits virtual
power management:

processor	: 7
vendor_id	: GenuineIntel
cpu family	: 6
model		: 60
model name	: Intel(R) Core(TM) i7-4800MQ CPU @ 2.70GHz
stepping	: 3
microcode	: 0x24
cpu MHz		: 2693.674
cache size	: 6144 KB
physical id	: 0
siblings	: 8
core id		: 3
cpu cores	: 4
apicid		: 7
initial apicid	: 7
fpu		: yes
fpu_exception	: yes
cpuid level	: 13
wp		: yes
flags		: fpu vme de pse tsc msr pae mce cx8 apic sep mtrr pge mca cmov pat pse36 clflush dts acpi mmx fxsr sse sse2 ss ht tm pbe syscall nx pdpe1gb rdtscp lm constant_tsc arch_perfmon pebs bts rep_good nopl xtopology nonstop_tsc cpuid aperfmperf pni pclmulqdq dtes64 monitor ds_cpl vmx smx est tm2 ssse3 sdbg fma cx16 xtpr pdcm pcid sse4_1 sse4_2 x2apic movbe popcnt tsc_deadline_timer aes xsave avx f16c rdrand lahf_lm abm cpuid_fault epb tpr_shadow vnmi flexpriority ept vpid fsgsbase tsc_adjust bmi1 avx2 smep bmi2 erms invpcid xsaveopt dtherm ida arat pln pts
bugs		:
bogomips	: 5387.34
clflush size	: 64
cache_alignment	: 64
address sizes	: 39 bits physical, 48 bits virtual
power management:



Memory: 4k page, physical 8073636k(118420k free), swap 2097148k(75036k free)

vm_info: OpenJDK 64-Bit Server VM (25.181-b13) for linux-amd64 JRE (1.8.0_181-8u181-b13-1ubuntu0.18.04.1-b13), built on Oct 22 2018 17:29:08 by "buildd" with gcc 7.3.0

time: Mon Nov  5 16:12:20 2018
elapsed time: 52 seconds (0d 0h 0m 52s)

